<?xml version="1.0" encoding="UTF-8"?>
<testng-results ignored="0" total="1" passed="1" failed="0" skipped="0">
  <reporter-output>
  </reporter-output>
  <suite started-at="2023-02-28T09:55:53 IST" name="Default suite" finished-at="2023-02-28T09:56:04 IST" duration-ms="10986">
    <groups>
    </groups>
    <test started-at="2023-02-28T09:55:53 IST" name="Default test" finished-at="2023-02-28T09:56:04 IST" duration-ms="10986">
      <class name="com.sawgalbs.pageobject.LoginTest">
        <test-method is-config="true" signature="openBrowser()[pri:0, instance:com.sawgalbs.pageobject.LoginTest@407a7f2a]" started-at="2023-02-28T09:55:53 IST" name="openBrowser" finished-at="2023-02-28T09:56:01 IST" duration-ms="7894" status="PASS">
          <reporter-output>
          </reporter-output>
        </test-method> <!-- openBrowser -->
        <test-method signature="loginTest()[pri:0, instance:com.sawgalbs.pageobject.LoginTest@407a7f2a]" started-at="2023-02-28T09:56:01 IST" name="loginTest" finished-at="2023-02-28T09:56:02 IST" duration-ms="777" status="PASS">
          <reporter-output>
          </reporter-output>
        </test-method> <!-- loginTest -->
        <test-method is-config="true" signature="getResult(org.testng.ITestResult)[pri:0, instance:com.sawgalbs.pageobject.LoginTest@407a7f2a]" started-at="2023-02-28T09:56:02 IST" name="getResult" finished-at="2023-02-28T09:56:02 IST" duration-ms="10" status="PASS">
          <params>
            <param index="0">
              <value>
                <![CDATA[[TestResult name=loginTest status=SUCCESS method=LoginTest.loginTest()[pri:0, instance:com.sawgalbs.pageobject.LoginTest@407a7f2a] output={null}]]]>
              </value>
            </param>
          </params>
          <reporter-output>
          </reporter-output>
        </test-method> <!-- getResult -->
        <test-method is-config="true" signature="closeBrowser()[pri:0, instance:com.sawgalbs.pageobject.LoginTest@407a7f2a]" started-at="2023-02-28T09:56:02 IST" name="closeBrowser" finished-at="2023-02-28T09:56:04 IST" duration-ms="2135" status="PASS">
          <reporter-output>
          </reporter-output>
        </test-method> <!-- closeBrowser -->
      </class> <!-- com.sawgalbs.pageobject.LoginTest -->
    </test> <!-- Default test -->
  </suite> <!-- Default suite -->
</testng-results>
